

Started GET "/" for 127.0.0.1 at 2015-08-11 20:49:42 +0300
Processing by Rails::WelcomeController#index as HTML
  Rendered /home/roman/.rvm/gems/ruby-2.2.2@ruby_bursa_homeworks/gems/railties-4.2.3/lib/rails/templates/rails/welcome/index.html.erb (1.4ms)
Completed 200 OK in 79ms (Views: 71.2ms | ActiveRecord: 0.0ms)


Started GET "/rails/info/properties" for 127.0.0.1 at 2015-08-11 20:49:46 +0300
Processing by Rails::InfoController#properties as HTML
  Rendered /home/roman/.rvm/gems/ruby-2.2.2@ruby_bursa_homeworks/gems/railties-4.2.3/lib/rails/templates/rails/info/properties.html.erb (0.5ms)
Completed 200 OK in 44ms (Views: 10.8ms | ActiveRecord: 1.4ms)


Started GET "/" for 127.0.0.1 at 2015-08-12 13:10:20 +0300
Processing by Rails::WelcomeController#index as HTML
  Rendered /home/roman/.rvm/gems/ruby-2.2.2@ruby_bursa_homeworks/gems/railties-4.2.3/lib/rails/templates/rails/welcome/index.html.erb (3.1ms)
Completed 200 OK in 91ms (Views: 48.0ms | ActiveRecord: 0.0ms)


Started GET "/" for 127.0.0.1 at 2015-08-13 00:19:25 +0300
Processing by Rails::WelcomeController#index as HTML
  Rendered /home/roman/.rvm/gems/ruby-2.2.2@ruby_bursa_homeworks/gems/railties-4.2.3/lib/rails/templates/rails/welcome/index.html.erb (2.6ms)
Completed 200 OK in 84ms (Views: 47.5ms | ActiveRecord: 0.0ms)
  [1m[36m (206.5ms)[0m  [1mCREATE TABLE "schema_migrations" ("version" character varying NOT NULL) [0m
  [1m[35m (31.4ms)[0m  CREATE UNIQUE INDEX  "unique_schema_migrations" ON "schema_migrations"  ("version")
  [1m[36mActiveRecord::SchemaMigration Load (0.6ms)[0m  [1mSELECT "schema_migrations".* FROM "schema_migrations"[0m
Migrating to CreateCategories (20150812212148)
  [1m[35m (0.2ms)[0m  BEGIN
  [1m[36m (164.4ms)[0m  [1mCREATE TABLE "categories" ("id" serial primary key, "category" character varying, "created_at" timestamp NOT NULL, "updated_at" timestamp NOT NULL) [0m
  [1m[35mSQL (0.5ms)[0m  INSERT INTO "schema_migrations" ("version") VALUES ($1)  [["version", "20150812212148"]]
  [1m[36m (18.9ms)[0m  [1mCOMMIT[0m
  [1m[35mActiveRecord::SchemaMigration Load (0.4ms)[0m  SELECT "schema_migrations".* FROM "schema_migrations"
  [1m[36m (3.6ms)[0m  [1mSELECT t2.oid::regclass::text AS to_table, a1.attname AS column, a2.attname AS primary_key, c.conname AS name, c.confupdtype AS on_update, c.confdeltype AS on_delete
FROM pg_constraint c
JOIN pg_class t1 ON c.conrelid = t1.oid
JOIN pg_class t2 ON c.confrelid = t2.oid
JOIN pg_attribute a1 ON a1.attnum = c.conkey[1] AND a1.attrelid = t1.oid
JOIN pg_attribute a2 ON a2.attnum = c.confkey[1] AND a2.attrelid = t2.oid
JOIN pg_namespace t3 ON c.connamespace = t3.oid
WHERE c.contype = 'f'
  AND t1.relname = 'categories'
  AND t3.nspname = ANY (current_schemas(false))
ORDER BY c.conname
[0m
  [1m[36mActiveRecord::SchemaMigration Load (0.5ms)[0m  [1mSELECT "schema_migrations".* FROM "schema_migrations"[0m
Migrating to CreatePayments (20150812214331)
  [1m[35m (0.2ms)[0m  BEGIN
  [1m[36m (54.0ms)[0m  [1mCREATE TABLE "payments" ("id" serial primary key, "type_of_payment" character varying, "string" character varying, "created_at" timestamp NOT NULL, "updated_at" timestamp NOT NULL) [0m
  [1m[35mSQL (0.4ms)[0m  INSERT INTO "schema_migrations" ("version") VALUES ($1)  [["version", "20150812214331"]]
  [1m[36m (9.1ms)[0m  [1mCOMMIT[0m
  [1m[35mActiveRecord::SchemaMigration Load (0.3ms)[0m  SELECT "schema_migrations".* FROM "schema_migrations"
  [1m[36m (3.6ms)[0m  [1mSELECT t2.oid::regclass::text AS to_table, a1.attname AS column, a2.attname AS primary_key, c.conname AS name, c.confupdtype AS on_update, c.confdeltype AS on_delete
FROM pg_constraint c
JOIN pg_class t1 ON c.conrelid = t1.oid
JOIN pg_class t2 ON c.confrelid = t2.oid
JOIN pg_attribute a1 ON a1.attnum = c.conkey[1] AND a1.attrelid = t1.oid
JOIN pg_attribute a2 ON a2.attnum = c.confkey[1] AND a2.attrelid = t2.oid
JOIN pg_namespace t3 ON c.connamespace = t3.oid
WHERE c.contype = 'f'
  AND t1.relname = 'categories'
  AND t3.nspname = ANY (current_schemas(false))
ORDER BY c.conname
[0m
  [1m[35m (3.0ms)[0m  SELECT t2.oid::regclass::text AS to_table, a1.attname AS column, a2.attname AS primary_key, c.conname AS name, c.confupdtype AS on_update, c.confdeltype AS on_delete
FROM pg_constraint c
JOIN pg_class t1 ON c.conrelid = t1.oid
JOIN pg_class t2 ON c.confrelid = t2.oid
JOIN pg_attribute a1 ON a1.attnum = c.conkey[1] AND a1.attrelid = t1.oid
JOIN pg_attribute a2 ON a2.attnum = c.confkey[1] AND a2.attrelid = t2.oid
JOIN pg_namespace t3 ON c.connamespace = t3.oid
WHERE c.contype = 'f'
  AND t1.relname = 'payments'
  AND t3.nspname = ANY (current_schemas(false))
ORDER BY c.conname

  [1m[36m (98.6ms)[0m  [1mCREATE TABLE "schema_migrations" ("version" character varying NOT NULL) [0m
  [1m[35m (73.7ms)[0m  CREATE UNIQUE INDEX  "unique_schema_migrations" ON "schema_migrations"  ("version")
  [1m[36mActiveRecord::SchemaMigration Load (0.5ms)[0m  [1mSELECT "schema_migrations".* FROM "schema_migrations"[0m
Migrating to CreatePayments (20150813111504)
  [1m[35m (0.3ms)[0m  BEGIN
  [1m[36m (105.4ms)[0m  [1mCREATE TABLE "payments" ("id" serial primary key, "type_of_payment" character varying, "string" character varying, "created_at" timestamp NOT NULL, "updated_at" timestamp NOT NULL) [0m
  [1m[35mSQL (0.7ms)[0m  INSERT INTO "schema_migrations" ("version") VALUES ($1)  [["version", "20150813111504"]]
  [1m[36m (15.6ms)[0m  [1mCOMMIT[0m
Migrating to CreateUsers (20150813111723)
  [1m[35m (0.3ms)[0m  BEGIN
  [1m[36m (125.7ms)[0m  [1mCREATE TABLE "users" ("id" serial primary key, "name" character varying, "string" character varying, "email" character varying, "adress" character varying, "role" character varying, "created_at" timestamp NOT NULL, "updated_at" timestamp NOT NULL) [0m
  [1m[35mSQL (0.4ms)[0m  INSERT INTO "schema_migrations" ("version") VALUES ($1)  [["version", "20150813111723"]]
  [1m[36m (46.5ms)[0m  [1mCOMMIT[0m
Migrating to CreateCategories (20150813111940)
  [1m[35m (0.3ms)[0m  BEGIN
  [1m[36m (137.3ms)[0m  [1mCREATE TABLE "categories" ("id" serial primary key, "category" character varying, "created_at" timestamp NOT NULL, "updated_at" timestamp NOT NULL) [0m
  [1m[35mSQL (0.4ms)[0m  INSERT INTO "schema_migrations" ("version") VALUES ($1)  [["version", "20150813111940"]]
  [1m[36m (23.8ms)[0m  [1mCOMMIT[0m
Migrating to CreateGoods (20150813112227)
  [1m[35m (0.2ms)[0m  BEGIN
  [1m[36m (0.2ms)[0m  [1mROLLBACK[0m
  [1m[36mActiveRecord::SchemaMigration Load (0.4ms)[0m  [1mSELECT "schema_migrations".* FROM "schema_migrations"[0m
Migrating to CreateOrders (20150813115331)
  [1m[35m (0.2ms)[0m  BEGIN
  [1m[36m (121.5ms)[0m  [1mCREATE TABLE "orders" ("id" serial primary key, "user_id" integer, "status" character varying, "delivery_adress" text, "payment_id" integer, "created_at" timestamp NOT NULL, "updated_at" timestamp NOT NULL) [0m
  [1m[35m (52.9ms)[0m  CREATE  INDEX  "index_orders_on_user_id" ON "orders"  ("user_id")
  [1m[36m (52.3ms)[0m  [1mCREATE  INDEX  "index_orders_on_payment_id" ON "orders"  ("payment_id")[0m
  [1m[35m (4.3ms)[0m  ALTER TABLE "orders" ADD CONSTRAINT "fk_rails_f868b47f6a"
FOREIGN KEY ("user_id")
  REFERENCES "users" ("id")

  [1m[36m (1.7ms)[0m  [1mALTER TABLE "orders" ADD CONSTRAINT "fk_rails_84d308e2db"
FOREIGN KEY ("payment_id")
  REFERENCES "payments" ("id")
[0m
  [1m[35mSQL (0.3ms)[0m  INSERT INTO "schema_migrations" ("version") VALUES ($1)  [["version", "20150813115331"]]
  [1m[36m (30.5ms)[0m  [1mCOMMIT[0m
Migrating to CreateGoodsOrders (20150813121323)
  [1m[35m (0.4ms)[0m  BEGIN
  [1m[36m (48.1ms)[0m  [1mCREATE TABLE "goods_orders" ("id" serial primary key, "order_id" integer, "good_id" integer, "count" integer, "price" integer, "created_at" timestamp NOT NULL, "updated_at" timestamp NOT NULL) [0m
  [1m[35m (40.8ms)[0m  CREATE  INDEX  "index_goods_orders_on_order_id" ON "goods_orders"  ("order_id")
  [1m[36m (53.6ms)[0m  [1mCREATE  INDEX  "index_goods_orders_on_good_id" ON "goods_orders"  ("good_id")[0m
  [1m[35m (1.4ms)[0m  ALTER TABLE "goods_orders" ADD CONSTRAINT "fk_rails_b85d752459"
FOREIGN KEY ("order_id")
  REFERENCES "orders" ("id")

  [1m[36m (1.5ms)[0m  [1mALTER TABLE "goods_orders" ADD CONSTRAINT "fk_rails_eec4783b60"
FOREIGN KEY ("good_id")
  REFERENCES "goods" ("id")
[0m
PG::UndefinedTable: ERROR:  relation "goods" does not exist
: ALTER TABLE "goods_orders" ADD CONSTRAINT "fk_rails_eec4783b60"
FOREIGN KEY ("good_id")
  REFERENCES "goods" ("id")

  [1m[35m (0.2ms)[0m  ROLLBACK
  [1m[36mActiveRecord::SchemaMigration Load (0.6ms)[0m  [1mSELECT "schema_migrations".* FROM "schema_migrations"[0m
Migrating to CreateGoodsOrders (20150813121323)
  [1m[35m (0.2ms)[0m  BEGIN
  [1m[36m (69.8ms)[0m  [1mCREATE TABLE "goods_orders" ("id" serial primary key, "order_id" integer, "good_id" integer, "count" integer, "price" integer, "created_at" timestamp NOT NULL, "updated_at" timestamp NOT NULL) [0m
  [1m[35m (40.8ms)[0m  CREATE  INDEX  "index_goods_orders_on_order_id" ON "goods_orders"  ("order_id")
  [1m[36m (41.7ms)[0m  [1mCREATE  INDEX  "index_goods_orders_on_good_id" ON "goods_orders"  ("good_id")[0m
  [1m[35m (2.9ms)[0m  ALTER TABLE "goods_orders" ADD CONSTRAINT "fk_rails_b85d752459"
FOREIGN KEY ("order_id")
  REFERENCES "orders" ("id")

  [1m[36m (2.1ms)[0m  [1mALTER TABLE "goods_orders" ADD CONSTRAINT "fk_rails_eec4783b60"
FOREIGN KEY ("good_id")
  REFERENCES "goods" ("id")
[0m
PG::UndefinedTable: ERROR:  relation "goods" does not exist
: ALTER TABLE "goods_orders" ADD CONSTRAINT "fk_rails_eec4783b60"
FOREIGN KEY ("good_id")
  REFERENCES "goods" ("id")

  [1m[35m (0.2ms)[0m  ROLLBACK
  [1m[36mActiveRecord::SchemaMigration Load (0.4ms)[0m  [1mSELECT "schema_migrations".* FROM "schema_migrations"[0m
Migrating to CreateGoodsOrders (20150813121323)
  [1m[35m (0.2ms)[0m  BEGIN
  [1m[36m (300.3ms)[0m  [1mCREATE TABLE "goods_orders" ("id" serial primary key, "order_id" integer, "good_id" integer, "count" integer, "price" integer, "created_at" timestamp NOT NULL, "updated_at" timestamp NOT NULL) [0m
  [1m[35m (52.5ms)[0m  CREATE  INDEX  "index_goods_orders_on_order_id" ON "goods_orders"  ("order_id")
  [1m[36m (52.4ms)[0m  [1mCREATE  INDEX  "index_goods_orders_on_good_id" ON "goods_orders"  ("good_id")[0m
  [1m[35m (2.6ms)[0m  ALTER TABLE "goods_orders" ADD CONSTRAINT "fk_rails_b85d752459"
FOREIGN KEY ("order_id")
  REFERENCES "orders" ("id")

  [1m[36m (1.8ms)[0m  [1mALTER TABLE "goods_orders" ADD CONSTRAINT "fk_rails_eec4783b60"
FOREIGN KEY ("good_id")
  REFERENCES "goods" ("id")
[0m
PG::UndefinedTable: ERROR:  relation "goods" does not exist
: ALTER TABLE "goods_orders" ADD CONSTRAINT "fk_rails_eec4783b60"
FOREIGN KEY ("good_id")
  REFERENCES "goods" ("id")

  [1m[35m (0.2ms)[0m  ROLLBACK
  [1m[36mActiveRecord::SchemaMigration Load (0.3ms)[0m  [1mSELECT "schema_migrations".* FROM "schema_migrations"[0m
Migrating to CreateGoodsOrders (20150813121323)
  [1m[35m (0.2ms)[0m  BEGIN
  [1m[36m (132.2ms)[0m  [1mCREATE TABLE "goods_orders" ("id" serial primary key, "order_id" integer, "good_id" integer, "count" integer, "price" integer, "created_at" timestamp NOT NULL, "updated_at" timestamp NOT NULL) [0m
  [1m[35m (96.3ms)[0m  CREATE  INDEX  "index_goods_orders_on_order_id" ON "goods_orders"  ("order_id")
  [1m[36m (75.0ms)[0m  [1mCREATE  INDEX  "index_goods_orders_on_good_id" ON "goods_orders"  ("good_id")[0m
  [1m[35m (2.3ms)[0m  ALTER TABLE "goods_orders" ADD CONSTRAINT "fk_rails_b85d752459"
FOREIGN KEY ("order_id")
  REFERENCES "orders" ("id")

  [1m[36m (2.0ms)[0m  [1mALTER TABLE "goods_orders" ADD CONSTRAINT "fk_rails_eec4783b60"
FOREIGN KEY ("good_id")
  REFERENCES "goods" ("id")
[0m
PG::UndefinedTable: ERROR:  relation "goods" does not exist
: ALTER TABLE "goods_orders" ADD CONSTRAINT "fk_rails_eec4783b60"
FOREIGN KEY ("good_id")
  REFERENCES "goods" ("id")

  [1m[35m (0.3ms)[0m  ROLLBACK
  [1m[36mActiveRecord::SchemaMigration Load (0.4ms)[0m  [1mSELECT "schema_migrations".* FROM "schema_migrations"[0m
Migrating to CreateGoodsOrders (20150813121323)
  [1m[35m (0.2ms)[0m  BEGIN
  [1m[36m (93.1ms)[0m  [1mCREATE TABLE "goods_orders" ("id" serial primary key, "order_id" integer, "good_id" integer, "count" integer, "price" integer, "created_at" timestamp NOT NULL, "updated_at" timestamp NOT NULL) [0m
  [1m[35m (52.2ms)[0m  CREATE  INDEX  "index_goods_orders_on_order_id" ON "goods_orders"  ("order_id")
  [1m[36m (52.7ms)[0m  [1mCREATE  INDEX  "index_goods_orders_on_good_id" ON "goods_orders"  ("good_id")[0m
  [1m[35m (2.4ms)[0m  ALTER TABLE "goods_orders" ADD CONSTRAINT "fk_rails_b85d752459"
FOREIGN KEY ("order_id")
  REFERENCES "orders" ("id")

  [1m[36m (1.7ms)[0m  [1mALTER TABLE "goods_orders" ADD CONSTRAINT "fk_rails_eec4783b60"
FOREIGN KEY ("good_id")
  REFERENCES "goods" ("id")
[0m
PG::UndefinedTable: ERROR:  relation "goods" does not exist
: ALTER TABLE "goods_orders" ADD CONSTRAINT "fk_rails_eec4783b60"
FOREIGN KEY ("good_id")
  REFERENCES "goods" ("id")

  [1m[35m (0.2ms)[0m  ROLLBACK
  [1m[36mActiveRecord::SchemaMigration Load (0.4ms)[0m  [1mSELECT "schema_migrations".* FROM "schema_migrations"[0m
Migrating to CreateGoodsOrders (20150813121323)
  [1m[35m (0.2ms)[0m  BEGIN
  [1m[36m (51.3ms)[0m  [1mCREATE TABLE "goods_orders" ("id" serial primary key, "order_id" integer, "good_id" integer, "count" integer, "price" integer, "created_at" timestamp NOT NULL, "updated_at" timestamp NOT NULL) [0m
  [1m[35m (41.9ms)[0m  CREATE  INDEX  "index_goods_orders_on_order_id" ON "goods_orders"  ("order_id")
  [1m[36m (53.2ms)[0m  [1mCREATE  INDEX  "index_goods_orders_on_good_id" ON "goods_orders"  ("good_id")[0m
  [1m[35m (2.2ms)[0m  ALTER TABLE "goods_orders" ADD CONSTRAINT "fk_rails_b85d752459"
FOREIGN KEY ("order_id")
  REFERENCES "orders" ("id")

  [1m[36m (2.0ms)[0m  [1mALTER TABLE "goods_orders" ADD CONSTRAINT "fk_rails_eec4783b60"
FOREIGN KEY ("good_id")
  REFERENCES "goods" ("id")
[0m
PG::UndefinedTable: ERROR:  relation "goods" does not exist
: ALTER TABLE "goods_orders" ADD CONSTRAINT "fk_rails_eec4783b60"
FOREIGN KEY ("good_id")
  REFERENCES "goods" ("id")

  [1m[35m (0.2ms)[0m  ROLLBACK
  [1m[36mActiveRecord::SchemaMigration Load (0.3ms)[0m  [1mSELECT "schema_migrations".* FROM "schema_migrations"[0m
Migrating to CreateGoodsOrders (20150813121323)
  [1m[35m (0.1ms)[0m  BEGIN
  [1m[36m (56.9ms)[0m  [1mCREATE TABLE "goods_orders" ("id" serial primary key, "order_id" integer, "good_id" integer, "count" integer, "price" integer, "created_at" timestamp NOT NULL, "updated_at" timestamp NOT NULL) [0m
  [1m[35m (52.2ms)[0m  CREATE  INDEX  "index_goods_orders_on_order_id" ON "goods_orders"  ("order_id")
  [1m[36m (52.3ms)[0m  [1mCREATE  INDEX  "index_goods_orders_on_good_id" ON "goods_orders"  ("good_id")[0m
  [1m[35m (2.5ms)[0m  ALTER TABLE "goods_orders" ADD CONSTRAINT "fk_rails_b85d752459"
FOREIGN KEY ("order_id")
  REFERENCES "orders" ("id")

  [1m[36m (2.2ms)[0m  [1mALTER TABLE "goods_orders" ADD CONSTRAINT "fk_rails_eec4783b60"
FOREIGN KEY ("good_id")
  REFERENCES "goods" ("id")
[0m
PG::UndefinedTable: ERROR:  relation "goods" does not exist
: ALTER TABLE "goods_orders" ADD CONSTRAINT "fk_rails_eec4783b60"
FOREIGN KEY ("good_id")
  REFERENCES "goods" ("id")

  [1m[35m (0.3ms)[0m  ROLLBACK
  [1m[36mActiveRecord::SchemaMigration Load (0.4ms)[0m  [1mSELECT "schema_migrations".* FROM "schema_migrations"[0m
Migrating to CreateGoods (20150813132914)
  [1m[35m (0.2ms)[0m  BEGIN
  [1m[36m (97.2ms)[0m  [1mCREATE TABLE "goods" ("id" serial primary key, "name" character varying, "photo" bytea, "description" text, "category_id" integer, "price" integer, "avaailable" boolean, "created_at" timestamp NOT NULL, "updated_at" timestamp NOT NULL) [0m
  [1m[35m (41.1ms)[0m  CREATE  INDEX  "index_goods_on_category_id" ON "goods"  ("category_id")
  [1m[36m (2.6ms)[0m  [1mALTER TABLE "goods" ADD CONSTRAINT "fk_rails_5b7fc611ab"
FOREIGN KEY ("category_id")
  REFERENCES "categories" ("id")
[0m
  [1m[35mSQL (0.4ms)[0m  INSERT INTO "schema_migrations" ("version") VALUES ($1)  [["version", "20150813132914"]]
  [1m[36m (26.7ms)[0m  [1mCOMMIT[0m
  [1m[35mActiveRecord::SchemaMigration Load (0.3ms)[0m  SELECT "schema_migrations".* FROM "schema_migrations"
  [1m[36m (4.1ms)[0m  [1mSELECT t2.oid::regclass::text AS to_table, a1.attname AS column, a2.attname AS primary_key, c.conname AS name, c.confupdtype AS on_update, c.confdeltype AS on_delete
FROM pg_constraint c
JOIN pg_class t1 ON c.conrelid = t1.oid
JOIN pg_class t2 ON c.confrelid = t2.oid
JOIN pg_attribute a1 ON a1.attnum = c.conkey[1] AND a1.attrelid = t1.oid
JOIN pg_attribute a2 ON a2.attnum = c.confkey[1] AND a2.attrelid = t2.oid
JOIN pg_namespace t3 ON c.connamespace = t3.oid
WHERE c.contype = 'f'
  AND t1.relname = 'categories'
  AND t3.nspname = ANY (current_schemas(false))
ORDER BY c.conname
[0m
  [1m[35m (3.4ms)[0m  SELECT t2.oid::regclass::text AS to_table, a1.attname AS column, a2.attname AS primary_key, c.conname AS name, c.confupdtype AS on_update, c.confdeltype AS on_delete
FROM pg_constraint c
JOIN pg_class t1 ON c.conrelid = t1.oid
JOIN pg_class t2 ON c.confrelid = t2.oid
JOIN pg_attribute a1 ON a1.attnum = c.conkey[1] AND a1.attrelid = t1.oid
JOIN pg_attribute a2 ON a2.attnum = c.confkey[1] AND a2.attrelid = t2.oid
JOIN pg_namespace t3 ON c.connamespace = t3.oid
WHERE c.contype = 'f'
  AND t1.relname = 'goods'
  AND t3.nspname = ANY (current_schemas(false))
ORDER BY c.conname

  [1m[36m (3.7ms)[0m  [1mSELECT t2.oid::regclass::text AS to_table, a1.attname AS column, a2.attname AS primary_key, c.conname AS name, c.confupdtype AS on_update, c.confdeltype AS on_delete
FROM pg_constraint c
JOIN pg_class t1 ON c.conrelid = t1.oid
JOIN pg_class t2 ON c.confrelid = t2.oid
JOIN pg_attribute a1 ON a1.attnum = c.conkey[1] AND a1.attrelid = t1.oid
JOIN pg_attribute a2 ON a2.attnum = c.confkey[1] AND a2.attrelid = t2.oid
JOIN pg_namespace t3 ON c.connamespace = t3.oid
WHERE c.contype = 'f'
  AND t1.relname = 'orders'
  AND t3.nspname = ANY (current_schemas(false))
ORDER BY c.conname
[0m
  [1m[35m (3.6ms)[0m  SELECT t2.oid::regclass::text AS to_table, a1.attname AS column, a2.attname AS primary_key, c.conname AS name, c.confupdtype AS on_update, c.confdeltype AS on_delete
FROM pg_constraint c
JOIN pg_class t1 ON c.conrelid = t1.oid
JOIN pg_class t2 ON c.confrelid = t2.oid
JOIN pg_attribute a1 ON a1.attnum = c.conkey[1] AND a1.attrelid = t1.oid
JOIN pg_attribute a2 ON a2.attnum = c.confkey[1] AND a2.attrelid = t2.oid
JOIN pg_namespace t3 ON c.connamespace = t3.oid
WHERE c.contype = 'f'
  AND t1.relname = 'payments'
  AND t3.nspname = ANY (current_schemas(false))
ORDER BY c.conname

  [1m[36m (3.4ms)[0m  [1mSELECT t2.oid::regclass::text AS to_table, a1.attname AS column, a2.attname AS primary_key, c.conname AS name, c.confupdtype AS on_update, c.confdeltype AS on_delete
FROM pg_constraint c
JOIN pg_class t1 ON c.conrelid = t1.oid
JOIN pg_class t2 ON c.confrelid = t2.oid
JOIN pg_attribute a1 ON a1.attnum = c.conkey[1] AND a1.attrelid = t1.oid
JOIN pg_attribute a2 ON a2.attnum = c.confkey[1] AND a2.attrelid = t2.oid
JOIN pg_namespace t3 ON c.connamespace = t3.oid
WHERE c.contype = 'f'
  AND t1.relname = 'users'
  AND t3.nspname = ANY (current_schemas(false))
ORDER BY c.conname
[0m
  [1m[36mActiveRecord::SchemaMigration Load (0.4ms)[0m  [1mSELECT "schema_migrations".* FROM "schema_migrations"[0m
Migrating to CreateGoodsOrders (20150813134147)
  [1m[35m (0.2ms)[0m  BEGIN
  [1m[36m (51.7ms)[0m  [1mCREATE TABLE "goods_orders" ("id" serial primary key, "order_id" integer, "good_id" integer, "count" integer, "price" integer, "created_at" timestamp NOT NULL, "updated_at" timestamp NOT NULL) [0m
  [1m[35m (41.6ms)[0m  CREATE  INDEX  "index_goods_orders_on_order_id" ON "goods_orders"  ("order_id")
  [1m[36m (41.5ms)[0m  [1mCREATE  INDEX  "index_goods_orders_on_good_id" ON "goods_orders"  ("good_id")[0m
  [1m[35m (2.7ms)[0m  ALTER TABLE "goods_orders" ADD CONSTRAINT "fk_rails_b85d752459"
FOREIGN KEY ("order_id")
  REFERENCES "orders" ("id")

  [1m[36m (1.7ms)[0m  [1mALTER TABLE "goods_orders" ADD CONSTRAINT "fk_rails_eec4783b60"
FOREIGN KEY ("good_id")
  REFERENCES "goods" ("id")
[0m
  [1m[35mSQL (0.4ms)[0m  INSERT INTO "schema_migrations" ("version") VALUES ($1)  [["version", "20150813134147"]]
  [1m[36m (28.0ms)[0m  [1mCOMMIT[0m
  [1m[35mActiveRecord::SchemaMigration Load (0.3ms)[0m  SELECT "schema_migrations".* FROM "schema_migrations"
  [1m[36m (4.3ms)[0m  [1mSELECT t2.oid::regclass::text AS to_table, a1.attname AS column, a2.attname AS primary_key, c.conname AS name, c.confupdtype AS on_update, c.confdeltype AS on_delete
FROM pg_constraint c
JOIN pg_class t1 ON c.conrelid = t1.oid
JOIN pg_class t2 ON c.confrelid = t2.oid
JOIN pg_attribute a1 ON a1.attnum = c.conkey[1] AND a1.attrelid = t1.oid
JOIN pg_attribute a2 ON a2.attnum = c.confkey[1] AND a2.attrelid = t2.oid
JOIN pg_namespace t3 ON c.connamespace = t3.oid
WHERE c.contype = 'f'
  AND t1.relname = 'categories'
  AND t3.nspname = ANY (current_schemas(false))
ORDER BY c.conname
[0m
  [1m[35m (3.5ms)[0m  SELECT t2.oid::regclass::text AS to_table, a1.attname AS column, a2.attname AS primary_key, c.conname AS name, c.confupdtype AS on_update, c.confdeltype AS on_delete
FROM pg_constraint c
JOIN pg_class t1 ON c.conrelid = t1.oid
JOIN pg_class t2 ON c.confrelid = t2.oid
JOIN pg_attribute a1 ON a1.attnum = c.conkey[1] AND a1.attrelid = t1.oid
JOIN pg_attribute a2 ON a2.attnum = c.confkey[1] AND a2.attrelid = t2.oid
JOIN pg_namespace t3 ON c.connamespace = t3.oid
WHERE c.contype = 'f'
  AND t1.relname = 'goods'
  AND t3.nspname = ANY (current_schemas(false))
ORDER BY c.conname

  [1m[36m (2.9ms)[0m  [1mSELECT t2.oid::regclass::text AS to_table, a1.attname AS column, a2.attname AS primary_key, c.conname AS name, c.confupdtype AS on_update, c.confdeltype AS on_delete
FROM pg_constraint c
JOIN pg_class t1 ON c.conrelid = t1.oid
JOIN pg_class t2 ON c.confrelid = t2.oid
JOIN pg_attribute a1 ON a1.attnum = c.conkey[1] AND a1.attrelid = t1.oid
JOIN pg_attribute a2 ON a2.attnum = c.confkey[1] AND a2.attrelid = t2.oid
JOIN pg_namespace t3 ON c.connamespace = t3.oid
WHERE c.contype = 'f'
  AND t1.relname = 'goods_orders'
  AND t3.nspname = ANY (current_schemas(false))
ORDER BY c.conname
[0m
  [1m[35m (4.2ms)[0m  SELECT t2.oid::regclass::text AS to_table, a1.attname AS column, a2.attname AS primary_key, c.conname AS name, c.confupdtype AS on_update, c.confdeltype AS on_delete
FROM pg_constraint c
JOIN pg_class t1 ON c.conrelid = t1.oid
JOIN pg_class t2 ON c.confrelid = t2.oid
JOIN pg_attribute a1 ON a1.attnum = c.conkey[1] AND a1.attrelid = t1.oid
JOIN pg_attribute a2 ON a2.attnum = c.confkey[1] AND a2.attrelid = t2.oid
JOIN pg_namespace t3 ON c.connamespace = t3.oid
WHERE c.contype = 'f'
  AND t1.relname = 'orders'
  AND t3.nspname = ANY (current_schemas(false))
ORDER BY c.conname

  [1m[36m (4.1ms)[0m  [1mSELECT t2.oid::regclass::text AS to_table, a1.attname AS column, a2.attname AS primary_key, c.conname AS name, c.confupdtype AS on_update, c.confdeltype AS on_delete
FROM pg_constraint c
JOIN pg_class t1 ON c.conrelid = t1.oid
JOIN pg_class t2 ON c.confrelid = t2.oid
JOIN pg_attribute a1 ON a1.attnum = c.conkey[1] AND a1.attrelid = t1.oid
JOIN pg_attribute a2 ON a2.attnum = c.confkey[1] AND a2.attrelid = t2.oid
JOIN pg_namespace t3 ON c.connamespace = t3.oid
WHERE c.contype = 'f'
  AND t1.relname = 'payments'
  AND t3.nspname = ANY (current_schemas(false))
ORDER BY c.conname
[0m
  [1m[35m (3.9ms)[0m  SELECT t2.oid::regclass::text AS to_table, a1.attname AS column, a2.attname AS primary_key, c.conname AS name, c.confupdtype AS on_update, c.confdeltype AS on_delete
FROM pg_constraint c
JOIN pg_class t1 ON c.conrelid = t1.oid
JOIN pg_class t2 ON c.confrelid = t2.oid
JOIN pg_attribute a1 ON a1.attnum = c.conkey[1] AND a1.attrelid = t1.oid
JOIN pg_attribute a2 ON a2.attnum = c.confkey[1] AND a2.attrelid = t2.oid
JOIN pg_namespace t3 ON c.connamespace = t3.oid
WHERE c.contype = 'f'
  AND t1.relname = 'users'
  AND t3.nspname = ANY (current_schemas(false))
ORDER BY c.conname

  [1m[36mCategory Load (0.7ms)[0m  [1mSELECT "categories".* FROM "categories"[0m
  [1m[35mCategory Load (0.6ms)[0m  SELECT "categories".* FROM "categories"
  [1m[36m (0.2ms)[0m  [1mBEGIN[0m
  [1m[35mSQL (1.1ms)[0m  INSERT INTO "categories" ("category", "created_at", "updated_at") VALUES ($1, $2, $3) RETURNING "id"  [["category", "Мониторы"], ["created_at", "2015-08-13 14:19:39.581190"], ["updated_at", "2015-08-13 14:19:39.581190"]]
  [1m[36m (53.7ms)[0m  [1mCOMMIT[0m
  [1m[35m (0.3ms)[0m  BEGIN
  [1m[36mSQL (0.6ms)[0m  [1mINSERT INTO "categories" ("category", "created_at", "updated_at") VALUES ($1, $2, $3) RETURNING "id"[0m  [["category", "Ноутбуки"], ["created_at", "2015-08-13 14:28:27.940611"], ["updated_at", "2015-08-13 14:28:27.940611"]]
  [1m[35m (133.1ms)[0m  COMMIT
  [1m[36mCategory Load (1.1ms)[0m  [1mSELECT  "categories".* FROM "categories"  ORDER BY "categories"."id" ASC LIMIT 1[0m
  [1m[35mCategory Load (0.7ms)[0m  SELECT  "categories".* FROM "categories"  ORDER BY "categories"."id" ASC LIMIT 1 OFFSET 1
  [1m[36mActiveRecord::SchemaMigration Load (0.2ms)[0m  [1mSELECT "schema_migrations".* FROM "schema_migrations"[0m
Migrating to CreateGoods (20150813152352)
  [1m[35m (0.1ms)[0m  BEGIN
  [1m[36m (1.6ms)[0m  [1mCREATE TABLE "goods" ("id" serial primary key, "name" character varying, "photo" bytea, "description" text, "category_id" integer, "price" integer, "available" boolean, "created_at" timestamp NOT NULL, "updated_at" timestamp NOT NULL) [0m
PG::DuplicateTable: ERROR:  relation "goods" already exists
: CREATE TABLE "goods" ("id" serial primary key, "name" character varying, "photo" bytea, "description" text, "category_id" integer, "price" integer, "available" boolean, "created_at" timestamp NOT NULL, "updated_at" timestamp NOT NULL) 
  [1m[35m (0.1ms)[0m  ROLLBACK
  [1m[36mActiveRecord::SchemaMigration Load (0.5ms)[0m  [1mSELECT "schema_migrations".* FROM "schema_migrations"[0m
Migrating to CreateGoods (20150813152352)
  [1m[35m (0.2ms)[0m  BEGIN
  [1m[36m (2.2ms)[0m  [1mCREATE TABLE "goods" ("id" serial primary key, "name" character varying, "photo" bytea, "description" text, "category_id" integer, "price" integer, "available" boolean, "created_at" timestamp NOT NULL, "updated_at" timestamp NOT NULL) [0m
PG::DuplicateTable: ERROR:  relation "goods" already exists
: CREATE TABLE "goods" ("id" serial primary key, "name" character varying, "photo" bytea, "description" text, "category_id" integer, "price" integer, "available" boolean, "created_at" timestamp NOT NULL, "updated_at" timestamp NOT NULL) 
  [1m[35m (0.1ms)[0m  ROLLBACK
  [1m[36m (93.1ms)[0m  [1mCREATE TABLE "schema_migrations" ("version" character varying NOT NULL) [0m
  [1m[35m (95.4ms)[0m  CREATE UNIQUE INDEX  "unique_schema_migrations" ON "schema_migrations"  ("version")
  [1m[36mActiveRecord::SchemaMigration Load (0.6ms)[0m  [1mSELECT "schema_migrations".* FROM "schema_migrations"[0m
Migrating to CreateCategories (20150813111940)
  [1m[35m (0.3ms)[0m  BEGIN
  [1m[36m (108.7ms)[0m  [1mCREATE TABLE "categories" ("id" serial primary key, "category" character varying, "created_at" timestamp NOT NULL, "updated_at" timestamp NOT NULL) [0m
  [1m[35mSQL (0.8ms)[0m  INSERT INTO "schema_migrations" ("version") VALUES ($1)  [["version", "20150813111940"]]
  [1m[36m (17.8ms)[0m  [1mCOMMIT[0m
Migrating to CreateOrders (20150813115331)
  [1m[35m (0.4ms)[0m  BEGIN
  [1m[36m (105.8ms)[0m  [1mCREATE TABLE "orders" ("id" serial primary key, "user_id" integer, "status" character varying, "delivery_adress" text, "payment_id" integer, "created_at" timestamp NOT NULL, "updated_at" timestamp NOT NULL) [0m
  [1m[35m (52.6ms)[0m  CREATE  INDEX  "index_orders_on_user_id" ON "orders"  ("user_id")
  [1m[36m (75.7ms)[0m  [1mCREATE  INDEX  "index_orders_on_payment_id" ON "orders"  ("payment_id")[0m
  [1m[35m (2.1ms)[0m  ALTER TABLE "orders" ADD CONSTRAINT "fk_rails_f868b47f6a"
FOREIGN KEY ("user_id")
  REFERENCES "users" ("id")

PG::UndefinedTable: ERROR:  relation "users" does not exist
: ALTER TABLE "orders" ADD CONSTRAINT "fk_rails_f868b47f6a"
FOREIGN KEY ("user_id")
  REFERENCES "users" ("id")

  [1m[36m (0.3ms)[0m  [1mROLLBACK[0m
  [1m[36m (121.9ms)[0m  [1mCREATE TABLE "schema_migrations" ("version" varchar NOT NULL) [0m
  [1m[35m (0.3ms)[0m  select sqlite_version(*)
  [1m[36m (86.5ms)[0m  [1mCREATE UNIQUE INDEX "unique_schema_migrations" ON "schema_migrations" ("version")[0m
  [1m[35mActiveRecord::SchemaMigration Load (0.1ms)[0m  SELECT "schema_migrations".* FROM "schema_migrations"
Migrating to CreateCategories (20150813111940)
  [1m[36m (0.2ms)[0m  [1mbegin transaction[0m
  [1m[35m (0.6ms)[0m  CREATE TABLE "categories" ("id" INTEGER PRIMARY KEY AUTOINCREMENT NOT NULL, "category" varchar, "created_at" datetime NOT NULL, "updated_at" datetime NOT NULL) 
  [1m[36mSQL (0.3ms)[0m  [1mINSERT INTO "schema_migrations" ("version") VALUES (?)[0m  [["version", "20150813111940"]]
  [1m[35m (95.9ms)[0m  commit transaction
Migrating to CreateOrders (20150813115331)
  [1m[36m (0.1ms)[0m  [1mbegin transaction[0m
  [1m[35m (0.5ms)[0m  CREATE TABLE "orders" ("id" INTEGER PRIMARY KEY AUTOINCREMENT NOT NULL, "user_id" integer, "status" varchar, "delivery_adress" text, "payment_id" integer, "created_at" datetime NOT NULL, "updated_at" datetime NOT NULL) 
  [1m[36m (0.6ms)[0m  [1mCREATE  INDEX "index_orders_on_user_id" ON "orders" ("user_id")[0m
  [1m[35m (0.2ms)[0m              SELECT sql
            FROM sqlite_master
            WHERE name='index_orders_on_user_id' AND type='index'
            UNION ALL
            SELECT sql
            FROM sqlite_temp_master
            WHERE name='index_orders_on_user_id' AND type='index'

  [1m[36m (0.3ms)[0m  [1mCREATE  INDEX "index_orders_on_payment_id" ON "orders" ("payment_id")[0m
  [1m[35mSQL (0.2ms)[0m  INSERT INTO "schema_migrations" ("version") VALUES (?)  [["version", "20150813115331"]]
  [1m[36m (149.3ms)[0m  [1mcommit transaction[0m
Migrating to CreateGoodsOrders (20150813134147)
  [1m[35m (0.1ms)[0m  begin transaction
  [1m[36m (0.6ms)[0m  [1mCREATE TABLE "goods_orders" ("id" INTEGER PRIMARY KEY AUTOINCREMENT NOT NULL, "order_id" integer, "good_id" integer, "count" integer, "price" integer, "created_at" datetime NOT NULL, "updated_at" datetime NOT NULL) [0m
  [1m[35m (0.3ms)[0m  CREATE  INDEX "index_goods_orders_on_order_id" ON "goods_orders" ("order_id")
  [1m[36m (0.3ms)[0m  [1m            SELECT sql
            FROM sqlite_master
            WHERE name='index_goods_orders_on_order_id' AND type='index'
            UNION ALL
            SELECT sql
            FROM sqlite_temp_master
            WHERE name='index_goods_orders_on_order_id' AND type='index'
[0m
  [1m[35m (0.3ms)[0m  CREATE  INDEX "index_goods_orders_on_good_id" ON "goods_orders" ("good_id")
  [1m[36mSQL (0.2ms)[0m  [1mINSERT INTO "schema_migrations" ("version") VALUES (?)[0m  [["version", "20150813134147"]]
  [1m[35m (96.3ms)[0m  commit transaction
Migrating to CreateGoods (20150813152352)
  [1m[36m (0.1ms)[0m  [1mbegin transaction[0m
  [1m[35m (0.6ms)[0m  CREATE TABLE "goods" ("id" INTEGER PRIMARY KEY AUTOINCREMENT NOT NULL, "name" varchar, "photo" blob, "description" text, "category_id" integer, "price" integer, "available" boolean, "created_at" datetime NOT NULL, "updated_at" datetime NOT NULL) 
  [1m[36m (0.3ms)[0m  [1mCREATE  INDEX "index_goods_on_category_id" ON "goods" ("category_id")[0m
  [1m[35mSQL (0.2ms)[0m  INSERT INTO "schema_migrations" ("version") VALUES (?)  [["version", "20150813152352"]]
  [1m[36m (95.2ms)[0m  [1mcommit transaction[0m
Migrating to CreatePayments (20150813153344)
  [1m[35m (0.1ms)[0m  begin transaction
  [1m[36m (0.6ms)[0m  [1mCREATE TABLE "payments" ("id" INTEGER PRIMARY KEY AUTOINCREMENT NOT NULL, "type_of_payment" varchar, "created_at" datetime NOT NULL, "updated_at" datetime NOT NULL) [0m
  [1m[35mSQL (0.2ms)[0m  INSERT INTO "schema_migrations" ("version") VALUES (?)  [["version", "20150813153344"]]
  [1m[36m (107.8ms)[0m  [1mcommit transaction[0m
Migrating to CreateUsers (20150813153453)
  [1m[35m (0.1ms)[0m  begin transaction
  [1m[36m (0.5ms)[0m  [1mCREATE TABLE "users" ("id" INTEGER PRIMARY KEY AUTOINCREMENT NOT NULL, "name" varchar, "email" varchar, "adress" varchar, "role" varchar, "created_at" datetime NOT NULL, "updated_at" datetime NOT NULL) [0m
  [1m[35mSQL (0.2ms)[0m  INSERT INTO "schema_migrations" ("version") VALUES (?)  [["version", "20150813153453"]]
  [1m[36m (107.3ms)[0m  [1mcommit transaction[0m
  [1m[35mActiveRecord::SchemaMigration Load (0.2ms)[0m  SELECT "schema_migrations".* FROM "schema_migrations"
  [1m[36m (0.2ms)[0m  [1m            SELECT sql
            FROM sqlite_master
            WHERE name='index_goods_on_category_id' AND type='index'
            UNION ALL
            SELECT sql
            FROM sqlite_temp_master
            WHERE name='index_goods_on_category_id' AND type='index'
[0m
  [1m[35m (0.2ms)[0m              SELECT sql
            FROM sqlite_master
            WHERE name='index_goods_orders_on_good_id' AND type='index'
            UNION ALL
            SELECT sql
            FROM sqlite_temp_master
            WHERE name='index_goods_orders_on_good_id' AND type='index'

  [1m[36m (0.2ms)[0m  [1m            SELECT sql
            FROM sqlite_master
            WHERE name='index_goods_orders_on_order_id' AND type='index'
            UNION ALL
            SELECT sql
            FROM sqlite_temp_master
            WHERE name='index_goods_orders_on_order_id' AND type='index'
[0m
  [1m[35m (0.2ms)[0m              SELECT sql
            FROM sqlite_master
            WHERE name='index_orders_on_payment_id' AND type='index'
            UNION ALL
            SELECT sql
            FROM sqlite_temp_master
            WHERE name='index_orders_on_payment_id' AND type='index'

  [1m[36m (0.2ms)[0m  [1m            SELECT sql
            FROM sqlite_master
            WHERE name='index_orders_on_user_id' AND type='index'
            UNION ALL
            SELECT sql
            FROM sqlite_temp_master
            WHERE name='index_orders_on_user_id' AND type='index'
[0m
  [1m[36mActiveRecord::SchemaMigration Load (0.1ms)[0m  [1mSELECT "schema_migrations".* FROM "schema_migrations"[0m
  [1m[35mActiveRecord::SchemaMigration Load (0.1ms)[0m  SELECT "schema_migrations".* FROM "schema_migrations"
  [1m[36m (0.1ms)[0m  [1m            SELECT sql
            FROM sqlite_master
            WHERE name='index_goods_on_category_id' AND type='index'
            UNION ALL
            SELECT sql
            FROM sqlite_temp_master
            WHERE name='index_goods_on_category_id' AND type='index'
[0m
  [1m[35m (0.1ms)[0m              SELECT sql
            FROM sqlite_master
            WHERE name='index_goods_orders_on_good_id' AND type='index'
            UNION ALL
            SELECT sql
            FROM sqlite_temp_master
            WHERE name='index_goods_orders_on_good_id' AND type='index'

  [1m[36m (0.1ms)[0m  [1m            SELECT sql
            FROM sqlite_master
            WHERE name='index_goods_orders_on_order_id' AND type='index'
            UNION ALL
            SELECT sql
            FROM sqlite_temp_master
            WHERE name='index_goods_orders_on_order_id' AND type='index'
[0m
  [1m[35m (0.1ms)[0m              SELECT sql
            FROM sqlite_master
            WHERE name='index_orders_on_payment_id' AND type='index'
            UNION ALL
            SELECT sql
            FROM sqlite_temp_master
            WHERE name='index_orders_on_payment_id' AND type='index'

  [1m[36m (0.1ms)[0m  [1m            SELECT sql
            FROM sqlite_master
            WHERE name='index_orders_on_user_id' AND type='index'
            UNION ALL
            SELECT sql
            FROM sqlite_temp_master
            WHERE name='index_orders_on_user_id' AND type='index'
[0m
  [1m[36mActiveRecord::SchemaMigration Load (0.1ms)[0m  [1mSELECT "schema_migrations".* FROM "schema_migrations"[0m
  [1m[35mActiveRecord::SchemaMigration Load (0.1ms)[0m  SELECT "schema_migrations".* FROM "schema_migrations"
  [1m[36m (0.1ms)[0m  [1m            SELECT sql
            FROM sqlite_master
            WHERE name='index_goods_on_category_id' AND type='index'
            UNION ALL
            SELECT sql
            FROM sqlite_temp_master
            WHERE name='index_goods_on_category_id' AND type='index'
[0m
  [1m[35m (0.1ms)[0m              SELECT sql
            FROM sqlite_master
            WHERE name='index_goods_orders_on_good_id' AND type='index'
            UNION ALL
            SELECT sql
            FROM sqlite_temp_master
            WHERE name='index_goods_orders_on_good_id' AND type='index'

  [1m[36m (0.1ms)[0m  [1m            SELECT sql
            FROM sqlite_master
            WHERE name='index_goods_orders_on_order_id' AND type='index'
            UNION ALL
            SELECT sql
            FROM sqlite_temp_master
            WHERE name='index_goods_orders_on_order_id' AND type='index'
[0m
  [1m[35m (0.1ms)[0m              SELECT sql
            FROM sqlite_master
            WHERE name='index_orders_on_payment_id' AND type='index'
            UNION ALL
            SELECT sql
            FROM sqlite_temp_master
            WHERE name='index_orders_on_payment_id' AND type='index'

  [1m[36m (0.1ms)[0m  [1m            SELECT sql
            FROM sqlite_master
            WHERE name='index_orders_on_user_id' AND type='index'
            UNION ALL
            SELECT sql
            FROM sqlite_temp_master
            WHERE name='index_orders_on_user_id' AND type='index'
[0m
  [1m[36mActiveRecord::SchemaMigration Load (0.1ms)[0m  [1mSELECT "schema_migrations".* FROM "schema_migrations"[0m
  [1m[35mActiveRecord::SchemaMigration Load (0.1ms)[0m  SELECT "schema_migrations".* FROM "schema_migrations"
Migrating to CreateUsers (20150813153453)
  [1m[36m (0.1ms)[0m  [1mbegin transaction[0m
  [1m[35m (0.4ms)[0m  DROP TABLE "users"
  [1m[36mSQL (0.2ms)[0m  [1mDELETE FROM "schema_migrations" WHERE "schema_migrations"."version" = ?[0m  [["version", "20150813153453"]]
  [1m[35m (101.3ms)[0m  commit transaction
  [1m[36mActiveRecord::SchemaMigration Load (0.2ms)[0m  [1mSELECT "schema_migrations".* FROM "schema_migrations"[0m
  [1m[35m (0.2ms)[0m              SELECT sql
            FROM sqlite_master
            WHERE name='index_goods_on_category_id' AND type='index'
            UNION ALL
            SELECT sql
            FROM sqlite_temp_master
            WHERE name='index_goods_on_category_id' AND type='index'

  [1m[36m (0.2ms)[0m  [1m            SELECT sql
            FROM sqlite_master
            WHERE name='index_goods_orders_on_good_id' AND type='index'
            UNION ALL
            SELECT sql
            FROM sqlite_temp_master
            WHERE name='index_goods_orders_on_good_id' AND type='index'
[0m
  [1m[35m (0.2ms)[0m              SELECT sql
            FROM sqlite_master
            WHERE name='index_goods_orders_on_order_id' AND type='index'
            UNION ALL
            SELECT sql
            FROM sqlite_temp_master
            WHERE name='index_goods_orders_on_order_id' AND type='index'

  [1m[36m (0.2ms)[0m  [1m            SELECT sql
            FROM sqlite_master
            WHERE name='index_orders_on_payment_id' AND type='index'
            UNION ALL
            SELECT sql
            FROM sqlite_temp_master
            WHERE name='index_orders_on_payment_id' AND type='index'
[0m
  [1m[35m (0.2ms)[0m              SELECT sql
            FROM sqlite_master
            WHERE name='index_orders_on_user_id' AND type='index'
            UNION ALL
            SELECT sql
            FROM sqlite_temp_master
            WHERE name='index_orders_on_user_id' AND type='index'

  [1m[36mActiveRecord::SchemaMigration Load (0.1ms)[0m  [1mSELECT "schema_migrations".* FROM "schema_migrations"[0m
  [1m[35mActiveRecord::SchemaMigration Load (0.1ms)[0m  SELECT "schema_migrations".* FROM "schema_migrations"
Migrating to CreatePayments (20150813153344)
  [1m[36m (0.1ms)[0m  [1mbegin transaction[0m
  [1m[35m (0.3ms)[0m  DROP TABLE "payments"
  [1m[36mSQL (0.2ms)[0m  [1mDELETE FROM "schema_migrations" WHERE "schema_migrations"."version" = ?[0m  [["version", "20150813153344"]]
  [1m[35m (116.6ms)[0m  commit transaction
  [1m[36mActiveRecord::SchemaMigration Load (0.2ms)[0m  [1mSELECT "schema_migrations".* FROM "schema_migrations"[0m
  [1m[35m (0.3ms)[0m              SELECT sql
            FROM sqlite_master
            WHERE name='index_goods_on_category_id' AND type='index'
            UNION ALL
            SELECT sql
            FROM sqlite_temp_master
            WHERE name='index_goods_on_category_id' AND type='index'

  [1m[36m (0.2ms)[0m  [1m            SELECT sql
            FROM sqlite_master
            WHERE name='index_goods_orders_on_good_id' AND type='index'
            UNION ALL
            SELECT sql
            FROM sqlite_temp_master
            WHERE name='index_goods_orders_on_good_id' AND type='index'
[0m
  [1m[35m (0.2ms)[0m              SELECT sql
            FROM sqlite_master
            WHERE name='index_goods_orders_on_order_id' AND type='index'
            UNION ALL
            SELECT sql
            FROM sqlite_temp_master
            WHERE name='index_goods_orders_on_order_id' AND type='index'

  [1m[36m (0.2ms)[0m  [1m            SELECT sql
            FROM sqlite_master
            WHERE name='index_orders_on_payment_id' AND type='index'
            UNION ALL
            SELECT sql
            FROM sqlite_temp_master
            WHERE name='index_orders_on_payment_id' AND type='index'
[0m
  [1m[35m (0.2ms)[0m              SELECT sql
            FROM sqlite_master
            WHERE name='index_orders_on_user_id' AND type='index'
            UNION ALL
            SELECT sql
            FROM sqlite_temp_master
            WHERE name='index_orders_on_user_id' AND type='index'

  [1m[36mActiveRecord::SchemaMigration Load (0.1ms)[0m  [1mSELECT "schema_migrations".* FROM "schema_migrations"[0m
  [1m[35mActiveRecord::SchemaMigration Load (0.1ms)[0m  SELECT "schema_migrations".* FROM "schema_migrations"
Migrating to CreateGoods (20150813152352)
  [1m[36m (0.1ms)[0m  [1mbegin transaction[0m
  [1m[35m (0.3ms)[0m  DROP TABLE "goods"
  [1m[36mSQL (0.3ms)[0m  [1mDELETE FROM "schema_migrations" WHERE "schema_migrations"."version" = ?[0m  [["version", "20150813152352"]]
  [1m[35m (85.9ms)[0m  commit transaction
  [1m[36mActiveRecord::SchemaMigration Load (0.2ms)[0m  [1mSELECT "schema_migrations".* FROM "schema_migrations"[0m
  [1m[35m (0.3ms)[0m              SELECT sql
            FROM sqlite_master
            WHERE name='index_goods_orders_on_good_id' AND type='index'
            UNION ALL
            SELECT sql
            FROM sqlite_temp_master
            WHERE name='index_goods_orders_on_good_id' AND type='index'

  [1m[36m (0.2ms)[0m  [1m            SELECT sql
            FROM sqlite_master
            WHERE name='index_goods_orders_on_order_id' AND type='index'
            UNION ALL
            SELECT sql
            FROM sqlite_temp_master
            WHERE name='index_goods_orders_on_order_id' AND type='index'
[0m
  [1m[35m (0.3ms)[0m              SELECT sql
            FROM sqlite_master
            WHERE name='index_orders_on_payment_id' AND type='index'
            UNION ALL
            SELECT sql
            FROM sqlite_temp_master
            WHERE name='index_orders_on_payment_id' AND type='index'

  [1m[36m (0.2ms)[0m  [1m            SELECT sql
            FROM sqlite_master
            WHERE name='index_orders_on_user_id' AND type='index'
            UNION ALL
            SELECT sql
            FROM sqlite_temp_master
            WHERE name='index_orders_on_user_id' AND type='index'
[0m
  [1m[36mActiveRecord::SchemaMigration Load (0.1ms)[0m  [1mSELECT "schema_migrations".* FROM "schema_migrations"[0m
  [1m[35mActiveRecord::SchemaMigration Load (0.1ms)[0m  SELECT "schema_migrations".* FROM "schema_migrations"
Migrating to CreateGoodsOrders (20150813134147)
  [1m[36m (0.1ms)[0m  [1mbegin transaction[0m
  [1m[35m (0.3ms)[0m  DROP TABLE "goods_orders"
  [1m[36mSQL (0.3ms)[0m  [1mDELETE FROM "schema_migrations" WHERE "schema_migrations"."version" = ?[0m  [["version", "20150813134147"]]
  [1m[35m (109.7ms)[0m  commit transaction
  [1m[36mActiveRecord::SchemaMigration Load (0.2ms)[0m  [1mSELECT "schema_migrations".* FROM "schema_migrations"[0m
  [1m[35m (0.2ms)[0m              SELECT sql
            FROM sqlite_master
            WHERE name='index_orders_on_payment_id' AND type='index'
            UNION ALL
            SELECT sql
            FROM sqlite_temp_master
            WHERE name='index_orders_on_payment_id' AND type='index'

  [1m[36m (0.3ms)[0m  [1m            SELECT sql
            FROM sqlite_master
            WHERE name='index_orders_on_user_id' AND type='index'
            UNION ALL
            SELECT sql
            FROM sqlite_temp_master
            WHERE name='index_orders_on_user_id' AND type='index'
[0m
  [1m[36mActiveRecord::SchemaMigration Load (0.1ms)[0m  [1mSELECT "schema_migrations".* FROM "schema_migrations"[0m
  [1m[35mActiveRecord::SchemaMigration Load (0.1ms)[0m  SELECT "schema_migrations".* FROM "schema_migrations"
Migrating to CreateOrders (20150813115331)
  [1m[36m (0.1ms)[0m  [1mbegin transaction[0m
  [1m[35m (0.3ms)[0m  DROP TABLE "orders"
  [1m[36mSQL (10.5ms)[0m  [1mDELETE FROM "schema_migrations" WHERE "schema_migrations"."version" = ?[0m  [["version", "20150813115331"]]
  [1m[35m (99.8ms)[0m  commit transaction
  [1m[36mActiveRecord::SchemaMigration Load (0.2ms)[0m  [1mSELECT "schema_migrations".* FROM "schema_migrations"[0m
  [1m[36mActiveRecord::SchemaMigration Load (0.1ms)[0m  [1mSELECT "schema_migrations".* FROM "schema_migrations"[0m
  [1m[35mActiveRecord::SchemaMigration Load (0.1ms)[0m  SELECT "schema_migrations".* FROM "schema_migrations"
Migrating to CreateCategories (20150813111940)
  [1m[36m (0.1ms)[0m  [1mbegin transaction[0m
  [1m[35m (0.3ms)[0m  DROP TABLE "categories"
  [1m[36mSQL (0.2ms)[0m  [1mDELETE FROM "schema_migrations" WHERE "schema_migrations"."version" = ?[0m  [["version", "20150813111940"]]
  [1m[35m (101.6ms)[0m  commit transaction
  [1m[36mActiveRecord::SchemaMigration Load (0.2ms)[0m  [1mSELECT "schema_migrations".* FROM "schema_migrations"[0m
  [1m[36mActiveRecord::SchemaMigration Load (0.1ms)[0m  [1mSELECT "schema_migrations".* FROM "schema_migrations"[0m
  [1m[35mActiveRecord::SchemaMigration Load (0.1ms)[0m  SELECT "schema_migrations".* FROM "schema_migrations"
  [1m[36mActiveRecord::SchemaMigration Load (0.1ms)[0m  [1mSELECT "schema_migrations".* FROM "schema_migrations"[0m
Migrating to CreateCategories (20150813111940)
  [1m[35m (0.1ms)[0m  begin transaction
  [1m[36m (0.3ms)[0m  [1mCREATE TABLE "categories" ("id" INTEGER PRIMARY KEY AUTOINCREMENT NOT NULL, "category" varchar, "created_at" datetime NOT NULL, "updated_at" datetime NOT NULL) [0m
  [1m[35mSQL (0.2ms)[0m  INSERT INTO "schema_migrations" ("version") VALUES (?)  [["version", "20150813111940"]]
  [1m[36m (114.4ms)[0m  [1mcommit transaction[0m
Migrating to CreateOrders (20150813115331)
  [1m[35m (0.1ms)[0m  begin transaction
  [1m[36m (0.5ms)[0m  [1mCREATE TABLE "orders" ("id" INTEGER PRIMARY KEY AUTOINCREMENT NOT NULL, "user_id" integer, "status" varchar, "delivery_adress" text, "payment_id" integer, "created_at" datetime NOT NULL, "updated_at" datetime NOT NULL) [0m
  [1m[35m (0.4ms)[0m  select sqlite_version(*)
  [1m[36m (0.3ms)[0m  [1mCREATE  INDEX "index_orders_on_user_id" ON "orders" ("user_id")[0m
  [1m[35m (0.3ms)[0m              SELECT sql
            FROM sqlite_master
            WHERE name='index_orders_on_user_id' AND type='index'
            UNION ALL
            SELECT sql
            FROM sqlite_temp_master
            WHERE name='index_orders_on_user_id' AND type='index'

  [1m[36m (0.2ms)[0m  [1mCREATE  INDEX "index_orders_on_payment_id" ON "orders" ("payment_id")[0m
  [1m[35mSQL (0.2ms)[0m  INSERT INTO "schema_migrations" ("version") VALUES (?)  [["version", "20150813115331"]]
  [1m[36m (95.1ms)[0m  [1mcommit transaction[0m
Migrating to CreateGoodsOrders (20150813134147)
  [1m[35m (0.1ms)[0m  begin transaction
  [1m[36m (0.6ms)[0m  [1mCREATE TABLE "goods_orders" ("id" INTEGER PRIMARY KEY AUTOINCREMENT NOT NULL, "order_id" integer, "good_id" integer, "count" integer, "price" integer, "created_at" datetime NOT NULL, "updated_at" datetime NOT NULL) [0m
  [1m[35m (0.3ms)[0m  CREATE  INDEX "index_goods_orders_on_order_id" ON "goods_orders" ("order_id")
  [1m[36m (0.2ms)[0m  [1m            SELECT sql
            FROM sqlite_master
            WHERE name='index_goods_orders_on_order_id' AND type='index'
            UNION ALL
            SELECT sql
            FROM sqlite_temp_master
            WHERE name='index_goods_orders_on_order_id' AND type='index'
[0m
  [1m[35m (0.3ms)[0m  CREATE  INDEX "index_goods_orders_on_good_id" ON "goods_orders" ("good_id")
  [1m[36mSQL (0.3ms)[0m  [1mINSERT INTO "schema_migrations" ("version") VALUES (?)[0m  [["version", "20150813134147"]]
  [1m[35m (105.0ms)[0m  commit transaction
Migrating to CreateGoods (20150813152352)
  [1m[36m (0.1ms)[0m  [1mbegin transaction[0m
  [1m[35m (0.6ms)[0m  CREATE TABLE "goods" ("id" INTEGER PRIMARY KEY AUTOINCREMENT NOT NULL, "name" varchar, "photo" blob, "description" text, "category_id" integer, "price" integer, "available" boolean, "created_at" datetime NOT NULL, "updated_at" datetime NOT NULL) 
  [1m[36m (0.3ms)[0m  [1mCREATE  INDEX "index_goods_on_category_id" ON "goods" ("category_id")[0m
  [1m[35mSQL (0.2ms)[0m  INSERT INTO "schema_migrations" ("version") VALUES (?)  [["version", "20150813152352"]]
  [1m[36m (106.3ms)[0m  [1mcommit transaction[0m
Migrating to CreatePayments (20150813153344)
  [1m[35m (0.1ms)[0m  begin transaction
  [1m[36m (0.6ms)[0m  [1mCREATE TABLE "payments" ("id" INTEGER PRIMARY KEY AUTOINCREMENT NOT NULL, "type_of_payment" varchar, "created_at" datetime NOT NULL, "updated_at" datetime NOT NULL) [0m
  [1m[35mSQL (0.2ms)[0m  INSERT INTO "schema_migrations" ("version") VALUES (?)  [["version", "20150813153344"]]
  [1m[36m (107.2ms)[0m  [1mcommit transaction[0m
Migrating to CreateUsers (20150813153453)
  [1m[35m (0.1ms)[0m  begin transaction
  [1m[36m (0.5ms)[0m  [1mCREATE TABLE "users" ("id" INTEGER PRIMARY KEY AUTOINCREMENT NOT NULL, "name" varchar, "email" varchar, "adress" varchar, "role" varchar, "created_at" datetime NOT NULL, "updated_at" datetime NOT NULL) [0m
  [1m[35mSQL (0.2ms)[0m  INSERT INTO "schema_migrations" ("version") VALUES (?)  [["version", "20150813153453"]]
  [1m[36m (107.4ms)[0m  [1mcommit transaction[0m
  [1m[35mActiveRecord::SchemaMigration Load (0.2ms)[0m  SELECT "schema_migrations".* FROM "schema_migrations"
  [1m[36m (0.2ms)[0m  [1m            SELECT sql
            FROM sqlite_master
            WHERE name='index_goods_on_category_id' AND type='index'
            UNION ALL
            SELECT sql
            FROM sqlite_temp_master
            WHERE name='index_goods_on_category_id' AND type='index'
[0m
  [1m[35m (0.2ms)[0m              SELECT sql
            FROM sqlite_master
            WHERE name='index_goods_orders_on_good_id' AND type='index'
            UNION ALL
            SELECT sql
            FROM sqlite_temp_master
            WHERE name='index_goods_orders_on_good_id' AND type='index'

  [1m[36m (0.2ms)[0m  [1m            SELECT sql
            FROM sqlite_master
            WHERE name='index_goods_orders_on_order_id' AND type='index'
            UNION ALL
            SELECT sql
            FROM sqlite_temp_master
            WHERE name='index_goods_orders_on_order_id' AND type='index'
[0m
  [1m[35m (0.2ms)[0m              SELECT sql
            FROM sqlite_master
            WHERE name='index_orders_on_payment_id' AND type='index'
            UNION ALL
            SELECT sql
            FROM sqlite_temp_master
            WHERE name='index_orders_on_payment_id' AND type='index'

  [1m[36m (0.2ms)[0m  [1m            SELECT sql
            FROM sqlite_master
            WHERE name='index_orders_on_user_id' AND type='index'
            UNION ALL
            SELECT sql
            FROM sqlite_temp_master
            WHERE name='index_orders_on_user_id' AND type='index'
[0m
  [1m[36m (179.3ms)[0m  [1mCREATE TABLE "categories" ("id" INTEGER PRIMARY KEY AUTOINCREMENT NOT NULL, "category" varchar, "created_at" datetime NOT NULL, "updated_at" datetime NOT NULL) [0m
  [1m[35m (98.9ms)[0m  CREATE TABLE "goods" ("id" INTEGER PRIMARY KEY AUTOINCREMENT NOT NULL, "name" varchar, "photo" blob, "description" text, "category_id" integer, "price" integer, "available" boolean, "created_at" datetime NOT NULL, "updated_at" datetime NOT NULL) 
  [1m[36m (0.2ms)[0m  [1mselect sqlite_version(*)[0m
  [1m[35m (80.1ms)[0m  CREATE  INDEX "index_goods_on_category_id" ON "goods" ("category_id")
  [1m[36m (99.3ms)[0m  [1mCREATE TABLE "goods_orders" ("id" INTEGER PRIMARY KEY AUTOINCREMENT NOT NULL, "order_id" integer, "good_id" integer, "count" integer, "price" integer, "created_at" datetime NOT NULL, "updated_at" datetime NOT NULL) [0m
  [1m[35m (99.6ms)[0m  CREATE  INDEX "index_goods_orders_on_good_id" ON "goods_orders" ("good_id")
  [1m[36m (0.2ms)[0m  [1m            SELECT sql
            FROM sqlite_master
            WHERE name='index_goods_orders_on_good_id' AND type='index'
            UNION ALL
            SELECT sql
            FROM sqlite_temp_master
            WHERE name='index_goods_orders_on_good_id' AND type='index'
[0m
  [1m[35m (87.5ms)[0m  CREATE  INDEX "index_goods_orders_on_order_id" ON "goods_orders" ("order_id")
  [1m[36m (66.3ms)[0m  [1mCREATE TABLE "orders" ("id" INTEGER PRIMARY KEY AUTOINCREMENT NOT NULL, "user_id" integer, "status" varchar, "delivery_adress" text, "payment_id" integer, "created_at" datetime NOT NULL, "updated_at" datetime NOT NULL) [0m
  [1m[35m (77.4ms)[0m  CREATE  INDEX "index_orders_on_payment_id" ON "orders" ("payment_id")
  [1m[36m (0.2ms)[0m  [1m            SELECT sql
            FROM sqlite_master
            WHERE name='index_orders_on_payment_id' AND type='index'
            UNION ALL
            SELECT sql
            FROM sqlite_temp_master
            WHERE name='index_orders_on_payment_id' AND type='index'
[0m
  [1m[35m (98.7ms)[0m  CREATE  INDEX "index_orders_on_user_id" ON "orders" ("user_id")
  [1m[36m (99.5ms)[0m  [1mCREATE TABLE "payments" ("id" INTEGER PRIMARY KEY AUTOINCREMENT NOT NULL, "type_of_payment" varchar, "created_at" datetime NOT NULL, "updated_at" datetime NOT NULL) [0m
  [1m[35m (99.1ms)[0m  CREATE TABLE "users" ("id" INTEGER PRIMARY KEY AUTOINCREMENT NOT NULL, "name" varchar, "email" varchar, "adress" varchar, "role" varchar, "created_at" datetime NOT NULL, "updated_at" datetime NOT NULL) 
  [1m[36m (102.7ms)[0m  [1mCREATE TABLE "schema_migrations" ("version" varchar NOT NULL) [0m
  [1m[35m (89.6ms)[0m  CREATE UNIQUE INDEX "unique_schema_migrations" ON "schema_migrations" ("version")
  [1m[36m (0.2ms)[0m  [1mSELECT version FROM "schema_migrations"[0m
  [1m[35m (122.0ms)[0m  INSERT INTO "schema_migrations" (version) VALUES ('20150813153453')
  [1m[36m (67.1ms)[0m  [1mINSERT INTO "schema_migrations" (version) VALUES ('20150813115331')[0m
  [1m[35m (100.5ms)[0m  INSERT INTO "schema_migrations" (version) VALUES ('20150813134147')
  [1m[36m (100.3ms)[0m  [1mINSERT INTO "schema_migrations" (version) VALUES ('20150813152352')[0m
  [1m[35m (100.7ms)[0m  INSERT INTO "schema_migrations" (version) VALUES ('20150813153344')
  [1m[36m (100.3ms)[0m  [1mINSERT INTO "schema_migrations" (version) VALUES ('20150813111940')[0m
  [1m[35m (97.1ms)[0m  CREATE TABLE "categories" ("id" INTEGER PRIMARY KEY AUTOINCREMENT NOT NULL, "category" varchar, "created_at" datetime NOT NULL, "updated_at" datetime NOT NULL) 
  [1m[36m (99.0ms)[0m  [1mCREATE TABLE "goods" ("id" INTEGER PRIMARY KEY AUTOINCREMENT NOT NULL, "name" varchar, "photo" blob, "description" text, "category_id" integer, "price" integer, "available" boolean, "created_at" datetime NOT NULL, "updated_at" datetime NOT NULL) [0m
  [1m[35m (0.2ms)[0m  select sqlite_version(*)
  [1m[36m (98.7ms)[0m  [1mCREATE  INDEX "index_goods_on_category_id" ON "goods" ("category_id")[0m
  [1m[35m (99.3ms)[0m  CREATE TABLE "goods_orders" ("id" INTEGER PRIMARY KEY AUTOINCREMENT NOT NULL, "order_id" integer, "good_id" integer, "count" integer, "price" integer, "created_at" datetime NOT NULL, "updated_at" datetime NOT NULL) 
  [1m[36m (78.4ms)[0m  [1mCREATE  INDEX "index_goods_orders_on_good_id" ON "goods_orders" ("good_id")[0m
  [1m[35m (0.2ms)[0m              SELECT sql
            FROM sqlite_master
            WHERE name='index_goods_orders_on_good_id' AND type='index'
            UNION ALL
            SELECT sql
            FROM sqlite_temp_master
            WHERE name='index_goods_orders_on_good_id' AND type='index'

  [1m[36m (65.2ms)[0m  [1mCREATE  INDEX "index_goods_orders_on_order_id" ON "goods_orders" ("order_id")[0m
  [1m[35m (77.3ms)[0m  CREATE TABLE "orders" ("id" INTEGER PRIMARY KEY AUTOINCREMENT NOT NULL, "user_id" integer, "status" varchar, "delivery_adress" text, "payment_id" integer, "created_at" datetime NOT NULL, "updated_at" datetime NOT NULL) 
  [1m[36m (99.6ms)[0m  [1mCREATE  INDEX "index_orders_on_payment_id" ON "orders" ("payment_id")[0m
  [1m[35m (0.2ms)[0m              SELECT sql
            FROM sqlite_master
            WHERE name='index_orders_on_payment_id' AND type='index'
            UNION ALL
            SELECT sql
            FROM sqlite_temp_master
            WHERE name='index_orders_on_payment_id' AND type='index'

  [1m[36m (98.6ms)[0m  [1mCREATE  INDEX "index_orders_on_user_id" ON "orders" ("user_id")[0m
  [1m[35m (99.3ms)[0m  CREATE TABLE "payments" ("id" INTEGER PRIMARY KEY AUTOINCREMENT NOT NULL, "type_of_payment" varchar, "created_at" datetime NOT NULL, "updated_at" datetime NOT NULL) 
  [1m[36m (99.3ms)[0m  [1mCREATE TABLE "users" ("id" INTEGER PRIMARY KEY AUTOINCREMENT NOT NULL, "name" varchar, "email" varchar, "adress" varchar, "role" varchar, "created_at" datetime NOT NULL, "updated_at" datetime NOT NULL) [0m
  [1m[35m (99.4ms)[0m  CREATE TABLE "schema_migrations" ("version" varchar NOT NULL) 
  [1m[36m (99.7ms)[0m  [1mCREATE UNIQUE INDEX "unique_schema_migrations" ON "schema_migrations" ("version")[0m
  [1m[35m (0.2ms)[0m  SELECT version FROM "schema_migrations"
  [1m[36m (99.8ms)[0m  [1mINSERT INTO "schema_migrations" (version) VALUES ('20150813153453')[0m
  [1m[35m (100.2ms)[0m  INSERT INTO "schema_migrations" (version) VALUES ('20150813115331')
  [1m[36m (79.7ms)[0m  [1mINSERT INTO "schema_migrations" (version) VALUES ('20150813134147')[0m
  [1m[35m (78.1ms)[0m  INSERT INTO "schema_migrations" (version) VALUES ('20150813152352')
  [1m[36m (78.2ms)[0m  [1mINSERT INTO "schema_migrations" (version) VALUES ('20150813153344')[0m
  [1m[35m (100.3ms)[0m  INSERT INTO "schema_migrations" (version) VALUES ('20150813111940')
  [1m[36mActiveRecord::SchemaMigration Load (0.2ms)[0m  [1mSELECT "schema_migrations".* FROM "schema_migrations"[0m
